Arguments: 
  C:\Program Files\nodejs\node.exe C:\Users\Artem\AppData\Roaming\npm\node_modules\yarn\bin\yarn.js install

PATH: 
  C:\Program Files\Dell\DW WLAN Card;C:\Program Files (x86)\Intel\iCLS Client\;C:\Program Files\Intel\iCLS Client\;C:\WINDOWS\system32;C:\WINDOWS;C:\WINDOWS\System32\Wbem;C:\WINDOWS\System32\WindowsPowerShell\v1.0\;C:\Program Files\WIDCOMM\Bluetooth Software\;C:\Program Files\WIDCOMM\Bluetooth Software\syswow64;C:\Program Files\Intel\Intel(R) Management Engine Components\DAL;C:\Program Files (x86)\Intel\Intel(R) Management Engine Components\DAL;C:\Program Files\Intel\Intel(R) Management Engine Components\IPT;C:\Program Files (x86)\Intel\Intel(R) Management Engine Components\IPT;C:\Program Files (x86)\GNU\GnuPG\pub;C:\Program Files\nodejs\;C:\Program Files\Git\cmd;C:\Program Files (x86)\Skype\Phone\;C:\Program Files (x86)\Elm Platform\0.18\bin;C:\Users\Artem\AppData\Local\atom\bin;C:\Users\Artem\AppData\Local\Microsoft\WindowsApps;C:\Users\Artem\AppData\Roaming\npm

Yarn version: 
  0.24.5

Node version: 
  6.10.0

Platform: 
  win32 x64

npm manifest: 
  {
    "name": "node-server",
    "version": "1.0.0",
    "main": "index.js",
    "author": "Puchenkin Artem",
    "license": "MIT",
    "scripts": {
      "serve": "nodemon index.js"
    },
    "dependencies": {
      "content-disposition": "^0.5.2",
      "exif-parser": "^0.1.9",
      "koa": "^2.2.0",
      "koa-body": "^2.0.1",
      "koa-router": "^7.2.0",
      "mkdirp": "^0.5.1",
      "mysql": "^2.13.0",
      "mysql2": "^1.3.2",
      "sequelize": "^3.30.4"
    },
    "devDependencies": {
      "babel-core": "^6.24.1",
      "babel-preset-env": "^1.5.1",
      "eslint": "^3.19.0",
      "eslint-config-airbnb-base": "^11.2.0",
      "eslint-plugin-import": "^2.3.0",
      "nodemon": "^1.11.0"
    }
  }

yarn manifest: 
  No manifest

Lockfile: 
  No lockfile

Trace: 
  Error: connect ETIMEDOUT 104.16.62.173:443
      at Object.exports._errnoException (util.js:1022:11)
      at exports._exceptionWithHostPort (util.js:1045:20)
      at TCPConnectWrap.afterConnect [as oncomplete] (net.js:1087:14)
